<?xml version="1.0" encoding="UTF-8"?>
<testsuite name="FactorialTest" tests="3" skipped="0" failures="0" errors="0" timestamp="2024-02-23T14:01:18" hostname="L5CG1233NLB" time="0.007">
  <properties/>
  <testcase name="checkValidNumber" classname="FactorialTest" time="0.003"/>
  <testcase name="checkZeroNumber" classname="FactorialTest" time="0.0"/>
  <testcase name="testExpectedException" classname="FactorialTest" time="0.0"/>
  <system-out><![CDATA[]]></system-out>
  <system-err><![CDATA[]]></system-err>
</testsuite>
